TN:
SF:02-ratelimitter.js
FN:19,rateLimitter
FN:56,globalCatch
FNF:2
FNH:1
FNDA:13,rateLimitter
FNDA:0,globalCatch
DA:1,1
DA:2,1
DA:3,1
DA:4,1
DA:5,1
DA:6,1
DA:7,1
DA:8,1
DA:9,1
DA:10,1
DA:11,1
DA:12,1
DA:13,1
DA:14,1
DA:15,1
DA:16,2
DA:17,1
DA:18,1
DA:19,13
DA:20,13
DA:21,13
DA:22,13
DA:23,2
DA:24,2
DA:25,2
DA:26,11
DA:27,11
DA:28,11
DA:29,11
DA:30,4
DA:31,4
DA:32,4
DA:33,7
DA:34,7
DA:35,7
DA:36,7
DA:37,11
DA:38,13
DA:39,13
DA:40,1
DA:41,1
DA:42,1
DA:43,1
DA:44,1
DA:45,1
DA:46,6
DA:47,1
DA:48,1
DA:49,1
DA:50,1
DA:51,1
DA:52,1
DA:53,0
DA:54,1
DA:55,1
DA:56,0
DA:57,0
DA:58,0
DA:59,0
DA:60,1
DA:61,1
DA:62,1
DA:63,1
LF:63
LH:58
BRDA:15,0,0,2
BRDA:19,1,0,13
BRDA:22,2,0,2
BRDA:26,3,0,11
BRDA:29,4,0,4
BRDA:33,5,0,7
BRDA:45,6,0,6
BRF:7
BRH:7
end_of_record
